Opened program log: ./xssams_program.log
Successfully created ./xssams.p00
Hessian type 4 
 inner maxg = 0.000927365  Inner second time = 0.000927365  Inner f = 178.921
 f = 178.9208152111815 max g = 0.00092736527118914
Newton raphson 1   f = 178.9208146308487 max g = 8.177227039940504e-08
Newton raphson 2   f = 178.9208146308487 max g = 1.033784169379715e-12
Newton raphson 3   f = 178.9208146308487 max g = 5.250799794964678e-13
Newton raphson 4   f = 178.9208146308487 max g = 3.574918139293004e-13
Newton raphson 5   f = 178.9208146308488 max g = 4.716227408607665e-13
 f = 178.9208146308487 max g = 3.574918139293004e-13

Initial statistics: 2 variables; iteration 0; function evaluation 0; phase 1
Function value   4.7407512e+02; maximum gradient component mag   1.5791e+02
Var   Value    Gradient   |Var   Value    Gradient   |Var   Value    Gradient
  1 -1.20397 -4.74762e+01 |  2  0.00000  1.57910e+02 |
 inner maxg = 0.0006286562864756817  Inner second time = 0.0006286562864756817  Inner f = 178.9041651499581
 f = 178.9041651499581 max g = 0.0006286562864756817
Newton raphson 1   f = 178.9041639995037 max g = 4.046193935458575e-09
Newton raphson 2   f = 178.9041639995036 max g = 5.917488721252084e-13
Newton raphson 3   f = 178.9041639995036 max g = 4.722888746755416e-13
Newton raphson 4   f = 178.9041639995037 max g = 3.952393967665557e-13
Newton raphson 5   f = 178.9041639995036 max g = 3.783640067922533e-13
Newton raphson 6   f = 178.9041639995037 max g = 4.372058270973866e-13
 f = 178.9041639995036 max g = 3.783640067922533e-13
 inner maxg = -0.000958191738646752  Inner second time = -0.000958191738646752  Inner f = 178.7376871814382
 f = 178.7376871814382 max g = 0.000958191738646752
Newton raphson 1   f = 178.7376870256766 max g = 8.075122748252284e-08
Newton raphson 2   f = 178.7376870256765 max g = 9.121592370320286e-13
Newton raphson 3   f = 178.7376870256765 max g = 6.761258219967203e-13
Newton raphson 4   f = 178.7376870256765 max g = 7.174261185127762e-13
 f = 178.7376870256765 max g = 6.761258219967203e-13
 inner maxg = 0.0008339856986692151  Inner second time = 0.0008339856986692151  Inner f = 177.0758682147083
 f = 177.0758682147083 max g = 0.0008339856986692151
Newton raphson 1   f = 177.075867980158 max g = 6.09049145228191e-07
Newton raphson 2   f = 177.0758679801582 max g = 7.567280135845067e-13
Newton raphson 3   f = 177.0758679801581 max g = 4.889422200449189e-13
Newton raphson 4   f = 177.0758679801581 max g = 4.138911435802584e-13
Newton raphson 5   f = 177.0758679801582 max g = 5.297984273511247e-13
 f = 177.0758679801581 max g = 4.138911435802584e-13
 inner maxg = -0.0009426527626118508  Inner second time = -0.0009426527626118508  Inner f = 160.7697921272359
 f = 160.7697921272359 max g = 0.0009426527626118508
Newton raphson 1   f = 160.7697918969727 max g = 2.498325272215496e-07
Newton raphson 2   f = 160.7697918969727 max g = 1.005862060310392e-12
Newton raphson 3   f = 160.7697918969728 max g = 5.95523630408934e-13
Newton raphson 4   f = 160.7697918969727 max g = 4.298783551348606e-13
Newton raphson 5   f = 160.7697918969727 max g = 4.400924069614121e-13
 f = 160.7697918969727 max g = 4.298783551348606e-13
 inner maxg = 0.0007975089363680965  Inner second time = 0.0007975089363680965  Inner f = 22.06458992701659
 f = 22.06458992701659 max g = 0.0007975089363680965
Newton raphson 1   f = 22.06458981237123 max g = 1.622857004335287e-07
Newton raphson 2   f = 22.06458981237122 max g = 1.03006492224722e-12
Newton raphson 3   f = 22.06458981237131 max g = 4.11448652926083e-13
Newton raphson 4   f = 22.06458981237127 max g = 8.124612094206896e-13
 f = 22.06458981237131 max g = 4.11448652926083e-13
 inner maxg = -0.0009050652834321493  Inner second time = -0.0009050652834321493  Inner f = 392.0353193727145
 f = 392.0353193727145 max g = 0.0009050652834321493
Newton raphson 1   f = 392.0353129763571 max g = 0.00392662994656634
 f = 392.0353193727145 max g = 0.0009050652834321493
 inner maxg = -0.0009784482688361962  Inner second time = -0.0009784482688361962  Inner f = 27.2360077142469
 f = 27.2360077142469 max g = 0.0009784482688361962
Newton raphson 1   f = 27.2360073304024 max g = 1.489913319829839e-06
Newton raphson 2   f = 27.23600733040225 max g = 7.625011733125575e-13
Newton raphson 3   f = 27.23600733040233 max g = 5.1414428270391e-13
Newton raphson 4   f = 27.23600733040235 max g = 3.868017017794045e-13
Newton raphson 5   f = 27.23600733040237 max g = 5.39124300757976e-13
 f = 27.23600733040235 max g = 3.868017017794045e-13
 inner maxg = 0.0006514859020441133  Inner second time = 0.0006514859020441133  Inner f = 22.21900650027241
 f = 22.21900650027241 max g = 0.0006514859020441133
Newton raphson 1   f = 22.21900637630882 max g = 2.711391906551341e-07
Newton raphson 2   f = 22.21900637630873 max g = 7.409628466348295e-13
Newton raphson 3   f = 22.21900637630881 max g = 8.362199821476679e-13
 f = 22.21900637630873 max g = 7.409628466348295e-13
 inner maxg = 0.0008353019164226705  Inner second time = 0.0008353019164226705  Inner f = 17.09487368172525
 f = 17.09487368172525 max g = 0.0008353019164226705
Newton raphson 1   f = 17.0948734123035 max g = 1.244047510562396e-06
Newton raphson 2   f = 17.09487341230365 max g = 7.974176874370187e-13
Newton raphson 3   f = 17.09487341230351 max g = 4.125588759507082e-13
Newton raphson 4   f = 17.09487341230352 max g = 5.182521078950231e-13
 f = 17.09487341230351 max g = 4.125588759507082e-13
 inner maxg = 0.000959648810651581  Inner second time = 0.000959648810651581  Inner f = 6.837786132859778
 f = 6.837786132859778 max g = 0.000959648810651581
Newton raphson 1   f = 6.837786023843917 max g = 2.52612385454043e-07
Newton raphson 2   f = 6.837786023843975 max g = 8.146816554699399e-13
Newton raphson 3   f = 6.837786023844057 max g = 5.608846720406291e-13
Newton raphson 4   f = 6.837786023843956 max g = 5.218048215738236e-13
Newton raphson 5   f = 6.837786023843991 max g = 5.777600620149315e-13
 f = 6.837786023843956 max g = 5.218048215738236e-13
 inner maxg = 0.0009772419984312997  Inner second time = 0.0009772419984312997  Inner f = -107.4923613829441
 f = -107.4923613829441 max g = 0.0009772419984312997
Newton raphson 1   f = -107.4923614111501 max g = 8.599434497824632e-09
Newton raphson 2   f = -107.4923614111502 max g = 1.051159159715098e-12
Newton raphson 3   f = -107.4923614111504 max g = 6.555311848899237e-13
Newton raphson 4   f = -107.4923614111502 max g = 5.190292640122607e-13
Newton raphson 5   f = -107.4923614111502 max g = 4.412581411372685e-13
Newton raphson 6   f = -107.4923614111502 max g = 4.278591370088236e-13
Newton raphson 7   f = -107.4923614111502 max g = 5.611622277967854e-13
 f = -107.4923614111502 max g = 4.278591370088236e-13
 inner maxg = -326.2336870561582  Inner second time = 19.67111605658749  Inner f = 2507.120505287563
 inner maxg = -0.01379229954106428  Inner second time = 0.007738278899440621  Inner f = 2507.062342933304
 f = 2507.062342933304 max g = 0.00814130552142473
Newton raphson 1   f = 2507.062342932693 max g = 0.000348548511992175
Newton raphson 2   f = 2507.062342932694 max g = 2.43055251689106e-08
Newton raphson 3   f = 2507.062342932694 max g = 9.331420303126947e-09
Newton raphson 4   f = 2507.062342932694 max g = 9.20427645212385e-09
Newton raphson 5   f = 2507.062342932694 max g = 9.721321478708966e-09
 f = 2507.062342932694 max g = 9.20427645212385e-09
 inner maxg = -0.0009731678687638912  Inner second time = -0.0009731678687638912  Inner f = 51.67465116258883
 f = 51.67465116258883 max g = 0.0009731678687638912
Newton raphson 1   f = 51.67465110143987 max g = 1.296211404877567e-08
Newton raphson 2   f = 51.67465110143968 max g = 8.801848139228241e-13
Newton raphson 3   f = 51.67465110143976 max g = 5.702105454474804e-13
Newton raphson 4   f = 51.67465110143968 max g = 3.956834859764058e-13
Newton raphson 5   f = 51.67465110143981 max g = 5.710987238671805e-13
 f = 51.67465110143968 max g = 3.956834859764058e-13
 inner maxg = 0.001199350678412037  Inner second time = 0.0002963908928227399  Inner f = 53.11393143859121
 f = 53.11393143859121 max g = 0.0002963908928227399
Newton raphson 1   f = 53.11393137154685 max g = 6.839984680873101e-07
Newton raphson 2   f = 53.11393137154699 max g = 8.388845174067683e-13
Newton raphson 3   f = 53.11393137154695 max g = 5.606626274357041e-13
Newton raphson 4   f = 53.11393137154678 max g = 5.748734821509061e-13
 f = 53.11393137154695 max g = 5.606626274357041e-13
 inner maxg = 3.866175394051652e-06  Inner f = 53.11398013699227
 f = 53.11398013699227 max g = 3.866175394051652e-06
Newton raphson 1   f = 53.11398013699055 max g = 7.771561172376096e-13
Newton raphson 2   f = 53.11398013699045 max g = 5.808686864838819e-13
Newton raphson 3   f = 53.11398013699057 max g = 4.400924069614121e-13
Newton raphson 4   f = 53.11398013699051 max g = 6.092903959142859e-13
 f = 53.11398013699057 max g = 4.400924069614121e-13

Function minimizer: Step size  too small -- ialph=1 inner maxg = 4.400924069614121e-13  Inner f = 53.11398013699059
 f = 53.11398013699059 max g = 4.400924069614121e-13
Newton raphson 1   f = 53.11398013699046 max g = 6.088463067044358e-13
 f = 53.11398013699059 max g = 4.400924069614121e-13
Hessian type 4 
 inner maxg = 4.400924069614121e-13  Inner f = 53.11398013699059
 f = 53.11398013699059 max g = 4.400924069614121e-13
Newton raphson 1   f = 53.11398013699046 max g = 4.862776847858186e-13
 f = 53.11398013699059 max g = 4.400924069614121e-13

Initial statistics: 8 variables; iteration 0; function evaluation 0; phase 2
Function value   5.2130453e+02; maximum gradient component mag   1.4052e+02
Var   Value    Gradient   |Var   Value    Gradient   |Var   Value    Gradient
  1 -4.60517 -1.02245e-01 |  2 -6.21461 -4.76443e+00 |  3  0.18232  7.43019e+00
  4 11.91839  4.83924e+00 |  5 -0.35152  6.45997e+01 |  6 -2.30259  5.43741e-01
  7 -1.95001  1.56230e+01 |  8  0.05098  1.40523e+02 |
 inner maxg = -0.0009798043407845958  Inner second time = -0.0009798043407845958  Inner f = 53.08722209763341
 f = 53.08722209763341 max g = 0.0009798043407845958
Newton raphson 1   f = 53.0872220512983 max g = 1.341418782718762e-07
Newton raphson 2   f = 53.08722205129828 max g = 8.628653347386717e-13
Newton raphson 3   f = 53.08722205129828 max g = 5.74651437545981e-13
Newton raphson 4   f = 53.08722205129833 max g = 6.306066779870889e-13
 f = 53.08722205129828 max g = 5.74651437545981e-13
 inner maxg = 0.001362790136872905  Inner second time = -0.0003175690135135412  Inner f = 52.82365644871382
 f = 52.82365644871382 max g = 0.0003175690135135412
Newton raphson 1   f = 52.82365634542406 max g = 1.030385738509665e-06
Newton raphson 2   f = 52.82365634542398 max g = 6.985523270941485e-13
Newton raphson 3   f = 52.82365634542403 max g = 6.543654507140673e-13
Newton raphson 4   f = 52.82365634542401 max g = 7.39949768124859e-13
 f = 52.82365634542403 max g = 6.543654507140673e-13
 inner maxg = 0.000987362939057268  Inner second time = 0.000987362939057268  Inner f = 50.60163460801272
 f = 50.60163460801272 max g = 0.000987362939057268
Newton raphson 1   f = 50.60163457185231 max g = 2.837261758870113e-09
Newton raphson 2   f = 50.60163457185239 max g = 6.26110274737357e-13
Newton raphson 3   f = 50.60163457185229 max g = 5.870859354217828e-13
Newton raphson 4   f = 50.60163457185239 max g = 4.576894419017208e-13
Newton raphson 5   f = 50.60163457185234 max g = 4.485301019485632e-13
Newton raphson 6   f = 50.60163457185227 max g = 5.042632977847461e-13
 f = 50.60163457185234 max g = 4.485301019485632e-13
 inner maxg = 0.0008337813083219014  Inner second time = 0.0008337813083219014  Inner f = 41.12009480464761
 f = 41.12009480464761 max g = 0.0008337813083219014
Newton raphson 1   f = 41.12009475142959 max g = 3.014682963264903e-07
Newton raphson 2   f = 41.12009475142945 max g = 9.863221350769891e-13
Newton raphson 3   f = 41.12009475142942 max g = 4.982680934517703e-13
Newton raphson 4   f = 41.1200947514295 max g = 7.6216810640517e-13
 f = 41.12009475142942 max g = 4.982680934517703e-13
 inner maxg = 0.00149092483719393  Inner second time = 0.0003324179122540238  Inner f = -76.65973031044263
 f = -76.65973031044263 max g = 0.0003324179122540238
Newton raphson 1   f = -76.65973032653505 max g = 2.123698505940297e-08
Newton raphson 2   f = -76.65973032653513 max g = 1.191935439237568e-12
Newton raphson 3   f = -76.65973032653505 max g = 6.579181643928678e-13
Newton raphson 4   f = -76.65973032653517 max g = 7.506217869490683e-13
 f = -76.65973032653505 max g = 6.579181643928678e-13
 inner maxg = 288.5824828926167  Inner second time = -105.2005185024466  Inner f = 1468.870501884832
 inner maxg = 0.0003061862525726156  Inner second time = 0.0003061862525726156  Inner f = 1447.570318384749
 f = 1447.570318384749 max g = 0.0003061862525726156
Newton raphson 1   f = 1447.570318384744 max g = 6.351655201797257e-09
Newton raphson 2   f = 1447.570318384745 max g = 2.913189689479623e-09
Newton raphson 3   f = 1447.570318384744 max g = 2.782186925287533e-09
Newton raphson 4   f = 1447.570318384745 max g = 2.294846979111753e-09
Newton raphson 5   f = 1447.570318384745 max g = 3.068784337756369e-09
 f = 1447.570318384745 max g = 2.294846979111753e-09
 inner maxg = -0.0009651765783914856  Inner second time = -0.0009651765783914856  Inner f = 77.50803627973352
 f = 77.50803627973352 max g = 0.0009651765783914856
Newton raphson 1   f = 77.50803615238878 max g = 5.394752136678171e-08
Newton raphson 2   f = 77.50803615238878 max g = 1.314781616912342e-12
Newton raphson 3   f = 77.50803615238875 max g = 1.053296339037502e-12
Newton raphson 4   f = 77.50803615238877 max g = 7.068234886276059e-13
Newton raphson 5   f = 77.50803615238875 max g = 9.283962487671715e-13
 f = 77.50803615238877 max g = 7.068234886276059e-13
 inner maxg = 0.0009493637323874093  Inner second time = 0.0009493637323874093  Inner f = 86.15367511177678
 f = 86.15367511177678 max g = 0.0009493637323874093
Newton raphson 1   f = 86.15367498303419 max g = 9.32475831660895e-07
Newton raphson 2   f = 86.15367498303428 max g = 9.925393840148899e-13
Newton raphson 3   f = 86.15367498303419 max g = 8.48553866061863e-13
Newton raphson 4   f = 86.15367498303425 max g = 9.358624986077757e-13
 f = 86.15367498303419 max g = 8.48553866061863e-13
 inner maxg = -0.000212062055376272  Inner second time = -0.000212062055376272  Inner f = 86.15988066458009
 f = 86.15988066458009 max g = 0.000212062055376272
Newton raphson 1   f = 86.15988065879263 max g = 9.804082823361426e-10
Newton raphson 2   f = 86.15988065879269 max g = 1.037336883058515e-12
Newton raphson 3   f = 86.15988065879264 max g = 7.693290449140022e-13
Newton raphson 4   f = 86.15988065879256 max g = 9.703349235223868e-13
 f = 86.15988065879264 max g = 7.693290449140022e-13
 inner maxg = -1.088025225470801e-10  Inner f = 86.15988066197787
 f = 86.15988066197787 max g = 1.088025225470801e-10
Newton raphson 1   f = 86.15988066197794 max g = 1.127098414599459e-12
Newton raphson 2   f = 86.15988066197788 max g = 8.810729923425242e-13
Newton raphson 3   f = 86.15988066197787 max g = 8.37108160567368e-13
Newton raphson 4   f = 86.15988066197789 max g = 9.778844400898379e-13
 f = 86.15988066197787 max g = 8.37108160567368e-13

Function minimizer: Step size  too small -- ialph=1 inner maxg = 8.344436253082677e-13  Inner f = 86.15988066197772
 f = 86.15988066197772 max g = 8.344436253082677e-13
Newton raphson 1   f = 86.15988066197777 max g = 9.805489753489383e-13
 f = 86.15988066197772 max g = 8.344436253082677e-13
